<?xml version="1.0" encoding="UTF-8"?>
<!-- Generated by org.testng.reporters.JUnitReportReporter -->
<testsuite hostname="LAPTOP-QT9092SR" name="com.wbl.test.HomePageTest" tests="2" failures="0" timestamp="19 Jan 2017 20:20:27 GMT" time="3.535" errors="0">
  <testcase name="testSearchBox" time="3.493" classname="com.wbl.test.HomePageTest"/>
  <testcase name="testNavLinks" time="0.042" classname="com.wbl.test.HomePageTest"/>
</testsuite> <!-- com.wbl.test.HomePageTest -->
