<?xml version="1.0" encoding="UTF-8"?>
<!-- Generated by org.testng.reporters.JUnitReportReporter -->
<testsuite hostname="LAPTOP-QT9092SR" name="com.wbl.test.RegisterPageTest" tests="1" failures="0" timestamp="20 Jan 2017 19:16:02 GMT" time="1.245" errors="0">
  <testcase name="testLogin" time="1.245" classname="com.wbl.test.RegisterPageTest"/>
</testsuite> <!-- com.wbl.test.RegisterPageTest -->
